[2024-10-16T11:28:34.073+0000] {processor.py:186} INFO - Started process (PID=101) to work on /home/airflow/.local/lib/python3.12/site-packages/airflow/example_dags/example_dataset_alias.py
[2024-10-16T11:28:34.082+0000] {processor.py:914} INFO - Processing file /home/airflow/.local/lib/python3.12/site-packages/airflow/example_dags/example_dataset_alias.py for tasks to queue
[2024-10-16T11:28:34.165+0000] {logging_mixin.py:190} INFO - [2024-10-16T11:28:34.164+0000] {dagbag.py:588} INFO - Filling up the DagBag from /home/airflow/.local/lib/python3.12/site-packages/airflow/example_dags/example_dataset_alias.py
[2024-10-16T11:28:38.785+0000] {processor.py:925} INFO - DAG(s) 'dataset_alias_example_alias_producer', 'dataset_s3_bucket_consumer', 'dataset_alias_example_alias_consumer', 'dataset_s3_bucket_producer' retrieved from /home/airflow/.local/lib/python3.12/site-packages/airflow/example_dags/example_dataset_alias.py
[2024-10-16T11:28:40.014+0000] {logging_mixin.py:190} INFO - [2024-10-16T11:28:40.013+0000] {override.py:1900} INFO - Created Permission View: can read on DAG:dataset_alias_example_alias_producer
[2024-10-16T11:28:40.292+0000] {logging_mixin.py:190} INFO - [2024-10-16T11:28:40.291+0000] {override.py:1900} INFO - Created Permission View: can delete on DAG:dataset_alias_example_alias_producer
[2024-10-16T11:28:40.367+0000] {logging_mixin.py:190} INFO - [2024-10-16T11:28:40.366+0000] {override.py:1900} INFO - Created Permission View: can edit on DAG:dataset_alias_example_alias_producer
[2024-10-16T11:28:40.508+0000] {logging_mixin.py:190} INFO - [2024-10-16T11:28:40.507+0000] {override.py:1900} INFO - Created Permission View: can read on DAG Run:dataset_alias_example_alias_producer
[2024-10-16T11:28:40.566+0000] {logging_mixin.py:190} INFO - [2024-10-16T11:28:40.560+0000] {override.py:1900} INFO - Created Permission View: can delete on DAG Run:dataset_alias_example_alias_producer
[2024-10-16T11:28:40.675+0000] {logging_mixin.py:190} INFO - [2024-10-16T11:28:40.674+0000] {override.py:1900} INFO - Created Permission View: menu access on DAG Run:dataset_alias_example_alias_producer
[2024-10-16T11:28:40.723+0000] {logging_mixin.py:190} INFO - [2024-10-16T11:28:40.722+0000] {override.py:1900} INFO - Created Permission View: can create on DAG Run:dataset_alias_example_alias_producer
[2024-10-16T11:28:40.875+0000] {logging_mixin.py:190} INFO - [2024-10-16T11:28:40.875+0000] {override.py:1900} INFO - Created Permission View: can read on DAG:dataset_s3_bucket_consumer
[2024-10-16T11:28:40.938+0000] {logging_mixin.py:190} INFO - [2024-10-16T11:28:40.938+0000] {override.py:1900} INFO - Created Permission View: can delete on DAG:dataset_s3_bucket_consumer
[2024-10-16T11:28:40.969+0000] {logging_mixin.py:190} INFO - [2024-10-16T11:28:40.967+0000] {override.py:1900} INFO - Created Permission View: can edit on DAG:dataset_s3_bucket_consumer
[2024-10-16T11:28:41.027+0000] {logging_mixin.py:190} INFO - [2024-10-16T11:28:41.026+0000] {override.py:1900} INFO - Created Permission View: can read on DAG Run:dataset_s3_bucket_consumer
[2024-10-16T11:28:41.061+0000] {logging_mixin.py:190} INFO - [2024-10-16T11:28:41.061+0000] {override.py:1900} INFO - Created Permission View: can delete on DAG Run:dataset_s3_bucket_consumer
[2024-10-16T11:28:41.080+0000] {logging_mixin.py:190} INFO - [2024-10-16T11:28:41.079+0000] {override.py:1900} INFO - Created Permission View: menu access on DAG Run:dataset_s3_bucket_consumer
[2024-10-16T11:28:41.104+0000] {logging_mixin.py:190} INFO - [2024-10-16T11:28:41.103+0000] {override.py:1900} INFO - Created Permission View: can create on DAG Run:dataset_s3_bucket_consumer
[2024-10-16T11:28:41.181+0000] {logging_mixin.py:190} INFO - [2024-10-16T11:28:41.180+0000] {override.py:1900} INFO - Created Permission View: can read on DAG:dataset_alias_example_alias_consumer
[2024-10-16T11:28:41.241+0000] {logging_mixin.py:190} INFO - [2024-10-16T11:28:41.237+0000] {override.py:1900} INFO - Created Permission View: can delete on DAG:dataset_alias_example_alias_consumer
[2024-10-16T11:28:41.345+0000] {logging_mixin.py:190} INFO - [2024-10-16T11:28:41.344+0000] {override.py:1900} INFO - Created Permission View: can edit on DAG:dataset_alias_example_alias_consumer
[2024-10-16T11:28:41.475+0000] {logging_mixin.py:190} INFO - [2024-10-16T11:28:41.474+0000] {override.py:1900} INFO - Created Permission View: can read on DAG Run:dataset_alias_example_alias_consumer
[2024-10-16T11:28:41.516+0000] {logging_mixin.py:190} INFO - [2024-10-16T11:28:41.515+0000] {override.py:1900} INFO - Created Permission View: can delete on DAG Run:dataset_alias_example_alias_consumer
[2024-10-16T11:28:41.593+0000] {logging_mixin.py:190} INFO - [2024-10-16T11:28:41.592+0000] {override.py:1900} INFO - Created Permission View: menu access on DAG Run:dataset_alias_example_alias_consumer
[2024-10-16T11:28:41.677+0000] {logging_mixin.py:190} INFO - [2024-10-16T11:28:41.676+0000] {override.py:1900} INFO - Created Permission View: can create on DAG Run:dataset_alias_example_alias_consumer
[2024-10-16T11:28:41.746+0000] {logging_mixin.py:190} INFO - [2024-10-16T11:28:41.745+0000] {override.py:1900} INFO - Created Permission View: can read on DAG:dataset_s3_bucket_producer
[2024-10-16T11:28:41.863+0000] {logging_mixin.py:190} INFO - [2024-10-16T11:28:41.862+0000] {override.py:1900} INFO - Created Permission View: can delete on DAG:dataset_s3_bucket_producer
[2024-10-16T11:28:41.893+0000] {logging_mixin.py:190} INFO - [2024-10-16T11:28:41.893+0000] {override.py:1900} INFO - Created Permission View: can edit on DAG:dataset_s3_bucket_producer
[2024-10-16T11:28:41.931+0000] {logging_mixin.py:190} INFO - [2024-10-16T11:28:41.930+0000] {override.py:1900} INFO - Created Permission View: can read on DAG Run:dataset_s3_bucket_producer
[2024-10-16T11:28:42.021+0000] {logging_mixin.py:190} INFO - [2024-10-16T11:28:42.020+0000] {override.py:1900} INFO - Created Permission View: can delete on DAG Run:dataset_s3_bucket_producer
[2024-10-16T11:28:42.093+0000] {logging_mixin.py:190} INFO - [2024-10-16T11:28:42.092+0000] {override.py:1900} INFO - Created Permission View: menu access on DAG Run:dataset_s3_bucket_producer
[2024-10-16T11:28:42.183+0000] {logging_mixin.py:190} INFO - [2024-10-16T11:28:42.182+0000] {override.py:1900} INFO - Created Permission View: can create on DAG Run:dataset_s3_bucket_producer
[2024-10-16T11:28:42.198+0000] {logging_mixin.py:190} INFO - [2024-10-16T11:28:42.196+0000] {dag.py:3239} INFO - Sync 4 DAGs
[2024-10-16T11:28:42.262+0000] {logging_mixin.py:190} INFO - [2024-10-16T11:28:42.261+0000] {dag.py:3262} INFO - Creating ORM DAG for dataset_s3_bucket_consumer
[2024-10-16T11:28:42.268+0000] {logging_mixin.py:190} INFO - [2024-10-16T11:28:42.268+0000] {dag.py:3262} INFO - Creating ORM DAG for dataset_alias_example_alias_producer
[2024-10-16T11:28:42.274+0000] {logging_mixin.py:190} INFO - [2024-10-16T11:28:42.273+0000] {dag.py:3262} INFO - Creating ORM DAG for dataset_s3_bucket_producer
[2024-10-16T11:28:42.276+0000] {logging_mixin.py:190} INFO - [2024-10-16T11:28:42.275+0000] {dag.py:3262} INFO - Creating ORM DAG for dataset_alias_example_alias_consumer
[2024-10-16T11:28:42.343+0000] {logging_mixin.py:190} INFO - [2024-10-16T11:28:42.338+0000] {dag.py:4180} INFO - Setting next_dagrun for dataset_alias_example_alias_consumer to None, run_after=None
[2024-10-16T11:28:42.353+0000] {logging_mixin.py:190} INFO - [2024-10-16T11:28:42.352+0000] {dag.py:4180} INFO - Setting next_dagrun for dataset_alias_example_alias_producer to None, run_after=None
[2024-10-16T11:28:42.360+0000] {logging_mixin.py:190} INFO - [2024-10-16T11:28:42.360+0000] {dag.py:4180} INFO - Setting next_dagrun for dataset_s3_bucket_consumer to None, run_after=None
[2024-10-16T11:28:42.363+0000] {logging_mixin.py:190} INFO - [2024-10-16T11:28:42.362+0000] {dag.py:4180} INFO - Setting next_dagrun for dataset_s3_bucket_producer to None, run_after=None
[2024-10-16T11:28:42.571+0000] {processor.py:208} INFO - Processing /home/airflow/.local/lib/python3.12/site-packages/airflow/example_dags/example_dataset_alias.py took 8.538 seconds
