[2024-10-16T11:28:24.023+0000] {processor.py:186} INFO - Started process (PID=95) to work on /home/airflow/.local/lib/python3.12/site-packages/airflow/example_dags/example_inlet_event_extra.py
[2024-10-16T11:28:24.025+0000] {processor.py:914} INFO - Processing file /home/airflow/.local/lib/python3.12/site-packages/airflow/example_dags/example_inlet_event_extra.py for tasks to queue
[2024-10-16T11:28:24.036+0000] {logging_mixin.py:190} INFO - [2024-10-16T11:28:24.035+0000] {dagbag.py:588} INFO - Filling up the DagBag from /home/airflow/.local/lib/python3.12/site-packages/airflow/example_dags/example_inlet_event_extra.py
[2024-10-16T11:28:27.571+0000] {processor.py:925} INFO - DAG(s) 'read_dataset_event_from_classic', 'read_dataset_event' retrieved from /home/airflow/.local/lib/python3.12/site-packages/airflow/example_dags/example_inlet_event_extra.py
[2024-10-16T11:28:33.071+0000] {logging_mixin.py:190} INFO - [2024-10-16T11:28:33.068+0000] {override.py:1900} INFO - Created Permission View: can read on DAG:read_dataset_event_from_classic
[2024-10-16T11:28:33.105+0000] {logging_mixin.py:190} INFO - [2024-10-16T11:28:33.105+0000] {override.py:1900} INFO - Created Permission View: can delete on DAG:read_dataset_event_from_classic
[2024-10-16T11:28:33.164+0000] {logging_mixin.py:190} INFO - [2024-10-16T11:28:33.163+0000] {override.py:1900} INFO - Created Permission View: can edit on DAG:read_dataset_event_from_classic
[2024-10-16T11:28:33.255+0000] {logging_mixin.py:190} INFO - [2024-10-16T11:28:33.254+0000] {override.py:1900} INFO - Created Permission View: can read on DAG Run:read_dataset_event_from_classic
[2024-10-16T11:28:33.288+0000] {logging_mixin.py:190} INFO - [2024-10-16T11:28:33.287+0000] {override.py:1900} INFO - Created Permission View: can delete on DAG Run:read_dataset_event_from_classic
[2024-10-16T11:28:33.418+0000] {logging_mixin.py:190} INFO - [2024-10-16T11:28:33.417+0000] {override.py:1900} INFO - Created Permission View: menu access on DAG Run:read_dataset_event_from_classic
[2024-10-16T11:28:33.505+0000] {logging_mixin.py:190} INFO - [2024-10-16T11:28:33.504+0000] {override.py:1900} INFO - Created Permission View: can create on DAG Run:read_dataset_event_from_classic
[2024-10-16T11:28:33.636+0000] {logging_mixin.py:190} INFO - [2024-10-16T11:28:33.635+0000] {override.py:1900} INFO - Created Permission View: can read on DAG:read_dataset_event
[2024-10-16T11:28:33.667+0000] {logging_mixin.py:190} INFO - [2024-10-16T11:28:33.666+0000] {override.py:1900} INFO - Created Permission View: can delete on DAG:read_dataset_event
[2024-10-16T11:28:33.694+0000] {logging_mixin.py:190} INFO - [2024-10-16T11:28:33.693+0000] {override.py:1900} INFO - Created Permission View: can edit on DAG:read_dataset_event
[2024-10-16T11:28:33.773+0000] {logging_mixin.py:190} INFO - [2024-10-16T11:28:33.773+0000] {override.py:1900} INFO - Created Permission View: can read on DAG Run:read_dataset_event
[2024-10-16T11:28:33.833+0000] {logging_mixin.py:190} INFO - [2024-10-16T11:28:33.832+0000] {override.py:1900} INFO - Created Permission View: can delete on DAG Run:read_dataset_event
[2024-10-16T11:28:33.897+0000] {logging_mixin.py:190} INFO - [2024-10-16T11:28:33.894+0000] {override.py:1900} INFO - Created Permission View: menu access on DAG Run:read_dataset_event
[2024-10-16T11:28:33.945+0000] {logging_mixin.py:190} INFO - [2024-10-16T11:28:33.945+0000] {override.py:1900} INFO - Created Permission View: can create on DAG Run:read_dataset_event
[2024-10-16T11:28:33.947+0000] {logging_mixin.py:190} INFO - [2024-10-16T11:28:33.946+0000] {dag.py:3239} INFO - Sync 2 DAGs
[2024-10-16T11:28:34.067+0000] {logging_mixin.py:190} INFO - [2024-10-16T11:28:34.066+0000] {dag.py:3262} INFO - Creating ORM DAG for read_dataset_event
[2024-10-16T11:28:34.081+0000] {logging_mixin.py:190} INFO - [2024-10-16T11:28:34.080+0000] {dag.py:3262} INFO - Creating ORM DAG for read_dataset_event_from_classic
[2024-10-16T11:28:34.244+0000] {logging_mixin.py:190} INFO - [2024-10-16T11:28:34.243+0000] {dag.py:4180} INFO - Setting next_dagrun for read_dataset_event to 2024-10-15 00:00:00+00:00, run_after=2024-10-16 00:00:00+00:00
[2024-10-16T11:28:34.260+0000] {logging_mixin.py:190} INFO - [2024-10-16T11:28:34.259+0000] {dag.py:4180} INFO - Setting next_dagrun for read_dataset_event_from_classic to 2024-10-15 00:00:00+00:00, run_after=2024-10-16 00:00:00+00:00
[2024-10-16T11:28:34.353+0000] {processor.py:208} INFO - Processing /home/airflow/.local/lib/python3.12/site-packages/airflow/example_dags/example_inlet_event_extra.py took 9.142 seconds
