[2024-10-16T11:29:04.027+0000] {processor.py:186} INFO - Started process (PID=122) to work on /home/airflow/.local/lib/python3.12/site-packages/airflow/example_dags/example_branch_datetime_operator.py
[2024-10-16T11:29:04.029+0000] {processor.py:914} INFO - Processing file /home/airflow/.local/lib/python3.12/site-packages/airflow/example_dags/example_branch_datetime_operator.py for tasks to queue
[2024-10-16T11:29:04.044+0000] {logging_mixin.py:190} INFO - [2024-10-16T11:29:04.042+0000] {dagbag.py:588} INFO - Filling up the DagBag from /home/airflow/.local/lib/python3.12/site-packages/airflow/example_dags/example_branch_datetime_operator.py
[2024-10-16T11:29:04.139+0000] {processor.py:925} INFO - DAG(s) 'example_branch_datetime_operator_3', 'example_branch_datetime_operator', 'example_branch_datetime_operator_2' retrieved from /home/airflow/.local/lib/python3.12/site-packages/airflow/example_dags/example_branch_datetime_operator.py
[2024-10-16T11:29:04.860+0000] {logging_mixin.py:190} INFO - [2024-10-16T11:29:04.859+0000] {override.py:1900} INFO - Created Permission View: can read on DAG:example_branch_datetime_operator_3
[2024-10-16T11:29:04.885+0000] {logging_mixin.py:190} INFO - [2024-10-16T11:29:04.884+0000] {override.py:1900} INFO - Created Permission View: can delete on DAG:example_branch_datetime_operator_3
[2024-10-16T11:29:04.901+0000] {logging_mixin.py:190} INFO - [2024-10-16T11:29:04.900+0000] {override.py:1900} INFO - Created Permission View: can edit on DAG:example_branch_datetime_operator_3
[2024-10-16T11:29:04.957+0000] {logging_mixin.py:190} INFO - [2024-10-16T11:29:04.952+0000] {override.py:1900} INFO - Created Permission View: can read on DAG Run:example_branch_datetime_operator_3
[2024-10-16T11:29:05.001+0000] {logging_mixin.py:190} INFO - [2024-10-16T11:29:05.001+0000] {override.py:1900} INFO - Created Permission View: can delete on DAG Run:example_branch_datetime_operator_3
[2024-10-16T11:29:05.026+0000] {logging_mixin.py:190} INFO - [2024-10-16T11:29:05.025+0000] {override.py:1900} INFO - Created Permission View: menu access on DAG Run:example_branch_datetime_operator_3
[2024-10-16T11:29:05.043+0000] {logging_mixin.py:190} INFO - [2024-10-16T11:29:05.043+0000] {override.py:1900} INFO - Created Permission View: can create on DAG Run:example_branch_datetime_operator_3
[2024-10-16T11:29:05.084+0000] {logging_mixin.py:190} INFO - [2024-10-16T11:29:05.082+0000] {override.py:1900} INFO - Created Permission View: can read on DAG:example_branch_datetime_operator
[2024-10-16T11:29:05.106+0000] {logging_mixin.py:190} INFO - [2024-10-16T11:29:05.100+0000] {override.py:1900} INFO - Created Permission View: can delete on DAG:example_branch_datetime_operator
[2024-10-16T11:29:05.131+0000] {logging_mixin.py:190} INFO - [2024-10-16T11:29:05.128+0000] {override.py:1900} INFO - Created Permission View: can edit on DAG:example_branch_datetime_operator
[2024-10-16T11:29:05.197+0000] {logging_mixin.py:190} INFO - [2024-10-16T11:29:05.197+0000] {override.py:1900} INFO - Created Permission View: can read on DAG Run:example_branch_datetime_operator
[2024-10-16T11:29:05.243+0000] {logging_mixin.py:190} INFO - [2024-10-16T11:29:05.242+0000] {override.py:1900} INFO - Created Permission View: can delete on DAG Run:example_branch_datetime_operator
[2024-10-16T11:29:05.280+0000] {logging_mixin.py:190} INFO - [2024-10-16T11:29:05.279+0000] {override.py:1900} INFO - Created Permission View: menu access on DAG Run:example_branch_datetime_operator
[2024-10-16T11:29:05.329+0000] {logging_mixin.py:190} INFO - [2024-10-16T11:29:05.328+0000] {override.py:1900} INFO - Created Permission View: can create on DAG Run:example_branch_datetime_operator
[2024-10-16T11:29:05.388+0000] {logging_mixin.py:190} INFO - [2024-10-16T11:29:05.388+0000] {override.py:1900} INFO - Created Permission View: can read on DAG:example_branch_datetime_operator_2
[2024-10-16T11:29:05.407+0000] {logging_mixin.py:190} INFO - [2024-10-16T11:29:05.406+0000] {override.py:1900} INFO - Created Permission View: can delete on DAG:example_branch_datetime_operator_2
[2024-10-16T11:29:05.422+0000] {logging_mixin.py:190} INFO - [2024-10-16T11:29:05.421+0000] {override.py:1900} INFO - Created Permission View: can edit on DAG:example_branch_datetime_operator_2
[2024-10-16T11:29:05.438+0000] {logging_mixin.py:190} INFO - [2024-10-16T11:29:05.438+0000] {override.py:1900} INFO - Created Permission View: can read on DAG Run:example_branch_datetime_operator_2
[2024-10-16T11:29:05.459+0000] {logging_mixin.py:190} INFO - [2024-10-16T11:29:05.458+0000] {override.py:1900} INFO - Created Permission View: can delete on DAG Run:example_branch_datetime_operator_2
[2024-10-16T11:29:05.499+0000] {logging_mixin.py:190} INFO - [2024-10-16T11:29:05.498+0000] {override.py:1900} INFO - Created Permission View: menu access on DAG Run:example_branch_datetime_operator_2
[2024-10-16T11:29:05.598+0000] {logging_mixin.py:190} INFO - [2024-10-16T11:29:05.598+0000] {override.py:1900} INFO - Created Permission View: can create on DAG Run:example_branch_datetime_operator_2
[2024-10-16T11:29:05.602+0000] {logging_mixin.py:190} INFO - [2024-10-16T11:29:05.602+0000] {dag.py:3239} INFO - Sync 3 DAGs
[2024-10-16T11:29:05.806+0000] {logging_mixin.py:190} INFO - [2024-10-16T11:29:05.806+0000] {dag.py:3262} INFO - Creating ORM DAG for example_branch_datetime_operator
[2024-10-16T11:29:05.808+0000] {logging_mixin.py:190} INFO - [2024-10-16T11:29:05.808+0000] {dag.py:3262} INFO - Creating ORM DAG for example_branch_datetime_operator_2
[2024-10-16T11:29:05.811+0000] {logging_mixin.py:190} INFO - [2024-10-16T11:29:05.810+0000] {dag.py:3262} INFO - Creating ORM DAG for example_branch_datetime_operator_3
[2024-10-16T11:29:05.854+0000] {logging_mixin.py:190} INFO - [2024-10-16T11:29:05.854+0000] {dag.py:4180} INFO - Setting next_dagrun for example_branch_datetime_operator to 2024-10-15 00:00:00+00:00, run_after=2024-10-16 00:00:00+00:00
[2024-10-16T11:29:05.874+0000] {logging_mixin.py:190} INFO - [2024-10-16T11:29:05.874+0000] {dag.py:4180} INFO - Setting next_dagrun for example_branch_datetime_operator_2 to 2024-10-15 00:00:00+00:00, run_after=2024-10-16 00:00:00+00:00
[2024-10-16T11:29:05.898+0000] {logging_mixin.py:190} INFO - [2024-10-16T11:29:05.897+0000] {dag.py:4180} INFO - Setting next_dagrun for example_branch_datetime_operator_3 to 2024-10-15 00:00:00+00:00, run_after=2024-10-16 00:00:00+00:00
[2024-10-16T11:29:06.028+0000] {processor.py:208} INFO - Processing /home/airflow/.local/lib/python3.12/site-packages/airflow/example_dags/example_branch_datetime_operator.py took 2.041 seconds
